<?xml version="1.0" encoding="UTF-8"?>
<testng-results skipped="0" failed="0" ignored="0" total="1" passed="1">
  <reporter-output>
  </reporter-output>
  <suite name="Default suite" duration-ms="20690" started-at="2018-10-26T04:54:04Z" finished-at="2018-10-26T04:54:25Z">
    <groups>
    </groups>
    <test name="Default test" duration-ms="20690" started-at="2018-10-26T04:54:04Z" finished-at="2018-10-26T04:54:25Z">
      <class name="com.screenshot.test.TestScreenShot">
        <test-method status="PASS" signature="TestTakeScreenshot()[pri:0, instance:com.screenshot.test.TestScreenShot@1e88b3c]" name="TestTakeScreenshot" duration-ms="20643" started-at="2018-10-26T04:54:04Z" finished-at="2018-10-26T04:54:25Z">
          <reporter-output>
          </reporter-output>
        </test-method> <!-- TestTakeScreenshot -->
      </class> <!-- com.screenshot.test.TestScreenShot -->
    </test> <!-- Default test -->
  </suite> <!-- Default suite -->
</testng-results>
