<?xml version="1.0" encoding="UTF-8"?>
<!-- Generated by org.testng.reporters.JUnitXMLReporter -->
<testsuite hostname="noishuhp3090" ignored="1" name="Test2" tests="3" failures="0" timestamp="24 Oct 2018 12:01:47 GMT" time="74.24" errors="0">
  <testcase name="searchText" time="28.253" classname="com.dataprovider.test.DataProviderITestContext"/>
  <testcase name="searchText" time="22.682" classname="com.dataprovider.test.DataProviderITestContext"/>
  <testcase name="searchText" time="23.291" classname="com.dataprovider.test.DataProviderITestContext"/>
  <testcase name="loginToGmail" time="0.0" classname="com.dataprovider.test.DataProviderITestContext">
    <ignored/>
  </testcase> <!-- loginToGmail -->
</testsuite> <!-- Test2 -->
