<?xml version="1.0" encoding="UTF-8"?>
<!-- Generated by org.testng.reporters.JUnitXMLReporter -->
<testsuite hostname="noishuhp3090" ignored="1" name="Test1" tests="2" failures="0" timestamp="24 Oct 2018 12:00:33 GMT" time="72.266" errors="0">
  <testcase name="loginToGmail" time="44.116" classname="com.dataprovider.test.DataProviderITestContext"/>
  <testcase name="loginToGmail" time="28.079" classname="com.dataprovider.test.DataProviderITestContext"/>
  <testcase name="searchText" time="0.0" classname="com.dataprovider.test.DataProviderITestContext">
    <ignored/>
  </testcase> <!-- searchText -->
</testsuite> <!-- Test1 -->
